package configuration for openssl is not found
have_library: checking for BIO_read() in -lcrypto... -------------------- no

"xcrun clang -fdeclspec -o conftest -I/Users/leonardbogdonoff/.metawork/runtimes/ruby-3.0.3/include/ruby-3.0.0/arm64-darwin20 -I/Users/leonardbogdonoff/.metawork/runtimes/ruby-3.0.3/include/ruby-3.0.0/ruby/backward -I/Users/leonardbogdonoff/.metawork/runtimes/ruby-3.0.3/include/ruby-3.0.0 -I. -I/Users/leonardbogdonoff/.metawork/runtimes/ruby-3.0.3/include -D_XOPEN_SOURCE -D_DARWIN_C_SOURCE -D_DARWIN_UNLIMITED_SELECT -D_REENTRANT   -I/Users/metawork/buildfarm-worker/shard/operations/b79bb1e5-19f9-4b48-9b38-0e049325ae43/bazel-out/darwin_arm64-opt-ST-02c84008f7a5/bin/ruby/versions/3_0_3/dist.unstamped.configure_libs/include -O3 -ggdb3 -Wall -Wextra -Wdeprecated-declarations -Wdivision-by-zero -Wimplicit-function-declaration -Wimplicit-int -Wmisleading-indentation -Wpointer-arith -Wshorten-64-to-32 -Wwrite-strings -Wmissing-noreturn -Wno-constant-logical-operand -Wno-long-long -Wno-missing-field-initializers -Wno-overlength-strings -Wno-parentheses-equality -Wno-self-assign -Wno-tautological-compare -Wno-unused-parameter -Wno-unused-value -Wunused-variable -Wextra-tokens -fno-common -pipe conftest.c  -L. -L/Users/leonardbogdonoff/.metawork/runtimes/ruby-3.0.3/lib -L. -L/Users/leonardbogdonoff/.metawork/runtimes/ruby-3.0.3/lib -fstack-protector-strong -L/usr/local/lib  -m64   -lruby.3.0   "
checked program was:
/* begin */
1: #include "ruby.h"
2: 
3: int main(int argc, char **argv)
4: {
5:   return !!argv[argc];
6: }
/* end */

"xcrun clang -fdeclspec -o conftest -I/Users/leonardbogdonoff/.metawork/runtimes/ruby-3.0.3/include/ruby-3.0.0/arm64-darwin20 -I/Users/leonardbogdonoff/.metawork/runtimes/ruby-3.0.3/include/ruby-3.0.0/ruby/backward -I/Users/leonardbogdonoff/.metawork/runtimes/ruby-3.0.3/include/ruby-3.0.0 -I. -I/Users/leonardbogdonoff/.metawork/runtimes/ruby-3.0.3/include -D_XOPEN_SOURCE -D_DARWIN_C_SOURCE -D_DARWIN_UNLIMITED_SELECT -D_REENTRANT   -I/Users/metawork/buildfarm-worker/shard/operations/b79bb1e5-19f9-4b48-9b38-0e049325ae43/bazel-out/darwin_arm64-opt-ST-02c84008f7a5/bin/ruby/versions/3_0_3/dist.unstamped.configure_libs/include -O3 -ggdb3 -Wall -Wextra -Wdeprecated-declarations -Wdivision-by-zero -Wimplicit-function-declaration -Wimplicit-int -Wmisleading-indentation -Wpointer-arith -Wshorten-64-to-32 -Wwrite-strings -Wmissing-noreturn -Wno-constant-logical-operand -Wno-long-long -Wno-missing-field-initializers -Wno-overlength-strings -Wno-parentheses-equality -Wno-self-assign -Wno-tautological-compare -Wno-unused-parameter -Wno-unused-value -Wunused-variable -Wextra-tokens -fno-common -pipe conftest.c  -L. -L/Users/leonardbogdonoff/.metawork/runtimes/ruby-3.0.3/lib -L. -L/Users/leonardbogdonoff/.metawork/runtimes/ruby-3.0.3/lib -fstack-protector-strong -L/usr/local/lib  -m64   -lruby.3.0 -lcrypto   "
conftest.c:14:57: error: use of undeclared identifier 'BIO_read'
int t(void) { void ((*volatile p)()); p = (void ((*)()))BIO_read; return !p; }
                                                        ^
1 error generated.
checked program was:
/* begin */
 1: #include "ruby.h"
 2: 
 3: /*top*/
 4: extern int t(void);
 5: int main(int argc, char **argv)
 6: {
 7:   if (argc > 1000000) {
 8:     int (* volatile tp)(void)=(int (*)(void))&t;
 9:     printf("%d", (*tp)());
10:   }
11: 
12:   return !!argv[argc];
13: }
14: int t(void) { void ((*volatile p)()); p = (void ((*)()))BIO_read; return !p; }
/* end */

"xcrun clang -fdeclspec -o conftest -I/Users/leonardbogdonoff/.metawork/runtimes/ruby-3.0.3/include/ruby-3.0.0/arm64-darwin20 -I/Users/leonardbogdonoff/.metawork/runtimes/ruby-3.0.3/include/ruby-3.0.0/ruby/backward -I/Users/leonardbogdonoff/.metawork/runtimes/ruby-3.0.3/include/ruby-3.0.0 -I. -I/Users/leonardbogdonoff/.metawork/runtimes/ruby-3.0.3/include -D_XOPEN_SOURCE -D_DARWIN_C_SOURCE -D_DARWIN_UNLIMITED_SELECT -D_REENTRANT   -I/Users/metawork/buildfarm-worker/shard/operations/b79bb1e5-19f9-4b48-9b38-0e049325ae43/bazel-out/darwin_arm64-opt-ST-02c84008f7a5/bin/ruby/versions/3_0_3/dist.unstamped.configure_libs/include -O3 -ggdb3 -Wall -Wextra -Wdeprecated-declarations -Wdivision-by-zero -Wimplicit-function-declaration -Wimplicit-int -Wmisleading-indentation -Wpointer-arith -Wshorten-64-to-32 -Wwrite-strings -Wmissing-noreturn -Wno-constant-logical-operand -Wno-long-long -Wno-missing-field-initializers -Wno-overlength-strings -Wno-parentheses-equality -Wno-self-assign -Wno-tautological-compare -Wno-unused-parameter -Wno-unused-value -Wunused-variable -Wextra-tokens -fno-common -pipe conftest.c  -L. -L/Users/leonardbogdonoff/.metawork/runtimes/ruby-3.0.3/lib -L. -L/Users/leonardbogdonoff/.metawork/runtimes/ruby-3.0.3/lib -fstack-protector-strong -L/usr/local/lib  -m64   -lruby.3.0 -lcrypto   "
ld: library not found for -lcrypto
clang: error: linker command failed with exit code 1 (use -v to see invocation)
checked program was:
/* begin */
 1: #include "ruby.h"
 2: 
 3: /*top*/
 4: extern int t(void);
 5: int main(int argc, char **argv)
 6: {
 7:   if (argc > 1000000) {
 8:     int (* volatile tp)(void)=(int (*)(void))&t;
 9:     printf("%d", (*tp)());
10:   }
11: 
12:   return !!argv[argc];
13: }
14: extern void BIO_read();
15: int t(void) { BIO_read(); return 0; }
/* end */

--------------------

have_library: checking for BIO_read() in -llibeay32... -------------------- no

"xcrun clang -fdeclspec -o conftest -I/Users/leonardbogdonoff/.metawork/runtimes/ruby-3.0.3/include/ruby-3.0.0/arm64-darwin20 -I/Users/leonardbogdonoff/.metawork/runtimes/ruby-3.0.3/include/ruby-3.0.0/ruby/backward -I/Users/leonardbogdonoff/.metawork/runtimes/ruby-3.0.3/include/ruby-3.0.0 -I. -I/Users/leonardbogdonoff/.metawork/runtimes/ruby-3.0.3/include -D_XOPEN_SOURCE -D_DARWIN_C_SOURCE -D_DARWIN_UNLIMITED_SELECT -D_REENTRANT   -I/Users/metawork/buildfarm-worker/shard/operations/b79bb1e5-19f9-4b48-9b38-0e049325ae43/bazel-out/darwin_arm64-opt-ST-02c84008f7a5/bin/ruby/versions/3_0_3/dist.unstamped.configure_libs/include -O3 -ggdb3 -Wall -Wextra -Wdeprecated-declarations -Wdivision-by-zero -Wimplicit-function-declaration -Wimplicit-int -Wmisleading-indentation -Wpointer-arith -Wshorten-64-to-32 -Wwrite-strings -Wmissing-noreturn -Wno-constant-logical-operand -Wno-long-long -Wno-missing-field-initializers -Wno-overlength-strings -Wno-parentheses-equality -Wno-self-assign -Wno-tautological-compare -Wno-unused-parameter -Wno-unused-value -Wunused-variable -Wextra-tokens -fno-common -pipe conftest.c  -L. -L/Users/leonardbogdonoff/.metawork/runtimes/ruby-3.0.3/lib -L. -L/Users/leonardbogdonoff/.metawork/runtimes/ruby-3.0.3/lib -fstack-protector-strong -L/usr/local/lib  -m64   -lruby.3.0 -llibeay32   "
conftest.c:14:57: error: use of undeclared identifier 'BIO_read'
int t(void) { void ((*volatile p)()); p = (void ((*)()))BIO_read; return !p; }
                                                        ^
1 error generated.
checked program was:
/* begin */
 1: #include "ruby.h"
 2: 
 3: /*top*/
 4: extern int t(void);
 5: int main(int argc, char **argv)
 6: {
 7:   if (argc > 1000000) {
 8:     int (* volatile tp)(void)=(int (*)(void))&t;
 9:     printf("%d", (*tp)());
10:   }
11: 
12:   return !!argv[argc];
13: }
14: int t(void) { void ((*volatile p)()); p = (void ((*)()))BIO_read; return !p; }
/* end */

"xcrun clang -fdeclspec -o conftest -I/Users/leonardbogdonoff/.metawork/runtimes/ruby-3.0.3/include/ruby-3.0.0/arm64-darwin20 -I/Users/leonardbogdonoff/.metawork/runtimes/ruby-3.0.3/include/ruby-3.0.0/ruby/backward -I/Users/leonardbogdonoff/.metawork/runtimes/ruby-3.0.3/include/ruby-3.0.0 -I. -I/Users/leonardbogdonoff/.metawork/runtimes/ruby-3.0.3/include -D_XOPEN_SOURCE -D_DARWIN_C_SOURCE -D_DARWIN_UNLIMITED_SELECT -D_REENTRANT   -I/Users/metawork/buildfarm-worker/shard/operations/b79bb1e5-19f9-4b48-9b38-0e049325ae43/bazel-out/darwin_arm64-opt-ST-02c84008f7a5/bin/ruby/versions/3_0_3/dist.unstamped.configure_libs/include -O3 -ggdb3 -Wall -Wextra -Wdeprecated-declarations -Wdivision-by-zero -Wimplicit-function-declaration -Wimplicit-int -Wmisleading-indentation -Wpointer-arith -Wshorten-64-to-32 -Wwrite-strings -Wmissing-noreturn -Wno-constant-logical-operand -Wno-long-long -Wno-missing-field-initializers -Wno-overlength-strings -Wno-parentheses-equality -Wno-self-assign -Wno-tautological-compare -Wno-unused-parameter -Wno-unused-value -Wunused-variable -Wextra-tokens -fno-common -pipe conftest.c  -L. -L/Users/leonardbogdonoff/.metawork/runtimes/ruby-3.0.3/lib -L. -L/Users/leonardbogdonoff/.metawork/runtimes/ruby-3.0.3/lib -fstack-protector-strong -L/usr/local/lib  -m64   -lruby.3.0 -llibeay32   "
ld: library not found for -llibeay32
clang: error: linker command failed with exit code 1 (use -v to see invocation)
checked program was:
/* begin */
 1: #include "ruby.h"
 2: 
 3: /*top*/
 4: extern int t(void);
 5: int main(int argc, char **argv)
 6: {
 7:   if (argc > 1000000) {
 8:     int (* volatile tp)(void)=(int (*)(void))&t;
 9:     printf("%d", (*tp)());
10:   }
11: 
12:   return !!argv[argc];
13: }
14: extern void BIO_read();
15: int t(void) { BIO_read(); return 0; }
/* end */

--------------------

